build/app/intermediates/manifest_merge_blame_file/debug/manifest-merger-blame-debug-report.txt
1<?xml version="1.0" encoding="utf-8"?>
2<manifest xmlns:android="http://schemas.android.com/apk/res/android"
3    package="com.example.covid_resources"
4    android:versionCode="1"
5    android:versionName="1.0.0" >
6
7    <uses-sdk
8        android:minSdkVersion="16"
9        android:targetSdkVersion="30" />
10    <!--
11         Flutter needs it to communicate with the running application
12         to allow setting breakpoints, to provide hot reload, etc.
13    -->
14    <uses-permission android:name="android.permission.INTERNET" />
14-->src\main\AndroidManifest.xml:2:2-64
14-->src\main\AndroidManifest.xml:2:19-61
15    <uses-permission android:name="android.permission.ACCESS_NETWORK_STATE" />
15-->[:connectivity] AndroidManifest.xml:7:5-79
15-->[:connectivity] AndroidManifest.xml:7:22-76
16
17    <application
17-->src\main\AndroidManifest.xml:3:2-30:16
18        android:appComponentFactory="androidx.core.app.CoreComponentFactory"
18-->[androidx.core:core:1.3.1] AndroidManifest.xml:24:18-86
19        android:debuggable="true"
20        android:icon="@mipmap/ic_launcher"
20-->src\main\AndroidManifest.xml:3:47-81
21        android:label="covid_resources" >
21-->src\main\AndroidManifest.xml:3:15-46
22        <activity
22-->src\main\AndroidManifest.xml:4:3-24:14
23            android:name="com.example.covid_resources.MainActivity"
23-->src\main\AndroidManifest.xml:4:13-41
24            android:configChanges="orientation|keyboardHidden|keyboard|screenSize|smallestScreenSize|locale|layoutDirection|fontScale|screenLayout|density|uiMode"
24-->src\main\AndroidManifest.xml:4:108-258
25            android:hardwareAccelerated="true"
25-->src\main\AndroidManifest.xml:4:259-293
26            android:launchMode="singleTop"
26-->src\main\AndroidManifest.xml:4:42-72
27            android:theme="@style/LaunchTheme"
27-->src\main\AndroidManifest.xml:4:73-107
28            android:windowSoftInputMode="adjustResize" >
28-->src\main\AndroidManifest.xml:4:294-336
29
30            <!--
31			Specifies an Android theme to apply to this Activity as soon as
32			the Android process has started. This theme is visible to the user
33			while the Flutter UI initializes. After that, this theme continues
34			to determine the Window background behind the Flutter UI.
35            -->
36            <meta-data
36-->src\main\AndroidManifest.xml:11:4-111
37                android:name="io.flutter.embedding.android.NormalTheme"
37-->src\main\AndroidManifest.xml:11:15-70
38                android:resource="@style/NormalTheme" />
38-->src\main\AndroidManifest.xml:11:71-108
39            <!--
40			Displays an Android View that continues showing the launch screen
41			Drawable until Flutter paints its first frame, then this splash
42			screen fades out. A splash screen is useful to avoid any visual
43			gap between the end of Android's launch screen and the painting of
44			Flutter's first frame.
45            -->
46            <meta-data
46-->src\main\AndroidManifest.xml:19:4-129
47                android:name="io.flutter.embedding.android.SplashScreenDrawable"
47-->src\main\AndroidManifest.xml:19:15-79
48                android:resource="@drawable/launch_background" />
48-->src\main\AndroidManifest.xml:19:80-126
49
50            <intent-filter>
50-->src\main\AndroidManifest.xml:20:4-23:20
51                <action android:name="android.intent.action.MAIN" />
51-->src\main\AndroidManifest.xml:21:5-57
51-->src\main\AndroidManifest.xml:21:13-54
52
53                <category android:name="android.intent.category.LAUNCHER" />
53-->src\main\AndroidManifest.xml:22:5-65
53-->src\main\AndroidManifest.xml:22:15-62
54            </intent-filter>
55        </activity>
56        <!--
57		Don't delete the meta-data below.
58		This is used by the Flutter tool to generate GeneratedPluginRegistrant.java
59        -->
60        <meta-data
60-->src\main\AndroidManifest.xml:29:3-66
61            android:name="flutterEmbedding"
61-->src\main\AndroidManifest.xml:29:14-45
62            android:value="2" />
62-->src\main\AndroidManifest.xml:29:46-63
63
64        <activity
64-->[:url_launcher] AndroidManifest.xml:8:9-11:74
65            android:name="io.flutter.plugins.urllauncher.WebViewActivity"
65-->[:url_launcher] AndroidManifest.xml:9:13-74
66            android:exported="false"
66-->[:url_launcher] AndroidManifest.xml:10:13-37
67            android:theme="@android:style/Theme.NoTitleBar.Fullscreen" />
67-->[:url_launcher] AndroidManifest.xml:11:13-71
68
69        <provider
69-->[:share] AndroidManifest.xml:8:9-16:20
70            android:name="io.flutter.plugins.share.ShareFileProvider"
70-->[:share] AndroidManifest.xml:9:13-70
71            android:authorities="com.example.covid_resources.flutter.share_provider"
71-->[:share] AndroidManifest.xml:10:13-74
72            android:exported="false"
72-->[:share] AndroidManifest.xml:11:13-37
73            android:grantUriPermissions="true" >
73-->[:share] AndroidManifest.xml:12:13-47
74            <meta-data
74-->[:share] AndroidManifest.xml:13:13-15:68
75                android:name="android.support.FILE_PROVIDER_PATHS"
75-->[:share] AndroidManifest.xml:14:17-67
76                android:resource="@xml/flutter_share_file_paths" />
76-->[:share] AndroidManifest.xml:15:17-65
77        </provider>
78    </application>
79
80</manifest>